Info: Starting: Create block symbol file (.bsf)
Info: ip-generate --project-directory=/home/cancian/University/Research_Projects/2016/Probolsas/repository/probolsas2016_substituicaosensorial/development/hardware/QSysSoCOrganization/ --output-directory=/home/cancian/University/Research_Projects/2016/Probolsas/repository/probolsas2016_substituicaosensorial/development/hardware/QSysSoCOrganization/ExpandingUmweltSoCOrganization/ --report-file=bsf:/home/cancian/University/Research_Projects/2016/Probolsas/repository/probolsas2016_substituicaosensorial/development/hardware/QSysSoCOrganization/ExpandingUmweltSoCOrganization.bsf --system-info=DEVICE_FAMILY="Cyclone II" --system-info=DEVICE=EP2C35F672C6 --system-info=DEVICE_SPEEDGRADE=6 --component-file=/home/cancian/University/Research_Projects/2016/Probolsas/repository/probolsas2016_substituicaosensorial/development/hardware/QSysSoCOrganization/ExpandingUmweltSoCOrganization.qsys
Progress: Loading QSysSoCOrganization/ExpandingUmweltSoCOrganization.qsys
Progress: Reading input file
Progress: Adding clk [clock_source 13.0]
Progress: Parameterizing module clk
Progress: Adding nios2 [altera_nios2_qsys 13.0]
Progress: Parameterizing module nios2
Progress: Adding jtag_uart_0 [altera_avalon_jtag_uart 13.0.1.99.2]
Progress: Parameterizing module jtag_uart_0
Progress: Adding onchip_memory2_0 [altera_avalon_onchip_memory2 13.0.1.99.2]
Progress: Parameterizing module onchip_memory2_0
Progress: Adding sdram [altera_avalon_new_sdram_controller 13.0.1.99.2]
Progress: Parameterizing module sdram
Progress: Adding pll [altera_up_clocks 13.0]
Progress: Parameterizing module pll
Progress: Adding matriz [matriz_avalon_interface 1.0]
Progress: Parameterizing module matriz
Progress: Adding esp8266 [fifoed_avalon_uart 13.2]
Progress: Parameterizing module esp8266
Progress: Building connections
Progress: Parameterizing connections
Progress: Validating
Progress: Done reading input file
Info: ip-generate succeeded.
Info: Finished: Create block symbol file (.bsf)
Info: 
Info: Starting: Create HDL design files for synthesis
Info: ip-generate --project-directory=/home/cancian/University/Research_Projects/2016/Probolsas/repository/probolsas2016_substituicaosensorial/development/hardware/QSysSoCOrganization/ --output-directory=/home/cancian/University/Research_Projects/2016/Probolsas/repository/probolsas2016_substituicaosensorial/development/hardware/QSysSoCOrganization/ExpandingUmweltSoCOrganization/synthesis/ --file-set=QUARTUS_SYNTH --report-file=sopcinfo:/home/cancian/University/Research_Projects/2016/Probolsas/repository/probolsas2016_substituicaosensorial/development/hardware/QSysSoCOrganization/ExpandingUmweltSoCOrganization.sopcinfo --report-file=html:/home/cancian/University/Research_Projects/2016/Probolsas/repository/probolsas2016_substituicaosensorial/development/hardware/QSysSoCOrganization/ExpandingUmweltSoCOrganization.html --report-file=qip:/home/cancian/University/Research_Projects/2016/Probolsas/repository/probolsas2016_substituicaosensorial/development/hardware/QSysSoCOrganization/ExpandingUmweltSoCOrganization/synthesis/ExpandingUmweltSoCOrganization.qip --report-file=cmp:/home/cancian/University/Research_Projects/2016/Probolsas/repository/probolsas2016_substituicaosensorial/development/hardware/QSysSoCOrganization/ExpandingUmweltSoCOrganization.cmp --report-file=svd --system-info=DEVICE_FAMILY="Cyclone II" --system-info=DEVICE=EP2C35F672C6 --system-info=DEVICE_SPEEDGRADE=6 --component-file=/home/cancian/University/Research_Projects/2016/Probolsas/repository/probolsas2016_substituicaosensorial/development/hardware/QSysSoCOrganization/ExpandingUmweltSoCOrganization.qsys --language=VERILOG
Progress: Loading QSysSoCOrganization/ExpandingUmweltSoCOrganization.qsys
Progress: Reading input file
Progress: Adding clk [clock_source 13.0]
Progress: Parameterizing module clk
Progress: Adding nios2 [altera_nios2_qsys 13.0]
Progress: Parameterizing module nios2
Progress: Adding jtag_uart_0 [altera_avalon_jtag_uart 13.0.1.99.2]
Progress: Parameterizing module jtag_uart_0
Progress: Adding onchip_memory2_0 [altera_avalon_onchip_memory2 13.0.1.99.2]
Progress: Parameterizing module onchip_memory2_0
Progress: Adding sdram [altera_avalon_new_sdram_controller 13.0.1.99.2]
Progress: Parameterizing module sdram
Progress: Adding pll [altera_up_clocks 13.0]
Progress: Parameterizing module pll
Progress: Adding matriz [matriz_avalon_interface 1.0]
Progress: Parameterizing module matriz
Progress: Adding esp8266 [fifoed_avalon_uart 13.2]
Progress: Parameterizing module esp8266
Progress: Building connections
Progress: Parameterizing connections
Progress: Validating
Progress: Done reading input file
Info: ExpandingUmweltSoCOrganization: Generating ExpandingUmweltSoCOrganization "ExpandingUmweltSoCOrganization" for QUARTUS_SYNTH
Info: pipeline_bridge_swap_transform: After transform: 8 modules, 31 connections
Info: No custom instruction connections, skipping transform 
Info: merlin_translator_transform: After transform: 16 modules, 60 connections
Info: merlin_domain_transform: After transform: 32 modules, 151 connections
Info: merlin_router_transform: After transform: 40 modules, 180 connections
Info: merlin_burst_transform: After transform: 41 modules, 183 connections
Info: reset_adaptation_transform: After transform: 43 modules, 162 connections
Info: merlin_network_to_switch_transform: After transform: 58 modules, 200 connections
Info: merlin_width_transform: After transform: 60 modules, 206 connections
Info: merlin_mm_transform: After transform: 60 modules, 206 connections
Info: merlin_interrupt_mapper_transform: After transform: 61 modules, 209 connections
Warning: ExpandingUmweltSoCOrganization: "No matching role found for rst_controller:reset_out:reset_req (reset_req)"
Warning: ExpandingUmweltSoCOrganization: "No matching role found for rst_controller:reset_out:reset_req (reset_req)"
Warning: ExpandingUmweltSoCOrganization: "No matching role found for rst_controller:reset_out:reset_req (reset_req)"
Warning: ExpandingUmweltSoCOrganization: "No matching role found for rst_controller:reset_out:reset_req (reset_req)"
Warning: ExpandingUmweltSoCOrganization: "No matching role found for rst_controller:reset_out:reset_req (reset_req)"
Warning: ExpandingUmweltSoCOrganization: "No matching role found for rst_controller:reset_out:reset_req (reset_req)"
Warning: ExpandingUmweltSoCOrganization: "No matching role found for rst_controller:reset_out:reset_req (reset_req)"
Warning: ExpandingUmweltSoCOrganization: "No matching role found for rst_controller:reset_out:reset_req (reset_req)"
Warning: ExpandingUmweltSoCOrganization: "No matching role found for rst_controller:reset_out:reset_req (reset_req)"
Warning: ExpandingUmweltSoCOrganization: "No matching role found for rst_controller:reset_out:reset_req (reset_req)"
Warning: ExpandingUmweltSoCOrganization: "No matching role found for rst_controller:reset_out:reset_req (reset_req)"
Warning: ExpandingUmweltSoCOrganization: "No matching role found for rst_controller:reset_out:reset_req (reset_req)"
Warning: ExpandingUmweltSoCOrganization: "No matching role found for rst_controller:reset_out:reset_req (reset_req)"
Warning: ExpandingUmweltSoCOrganization: "No matching role found for rst_controller:reset_out:reset_req (reset_req)"
Warning: ExpandingUmweltSoCOrganization: "No matching role found for rst_controller:reset_out:reset_req (reset_req)"
Warning: ExpandingUmweltSoCOrganization: "No matching role found for rst_controller:reset_out:reset_req (reset_req)"
Warning: ExpandingUmweltSoCOrganization: "No matching role found for rst_controller:reset_out:reset_req (reset_req)"
Warning: ExpandingUmweltSoCOrganization: "No matching role found for rst_controller:reset_out:reset_req (reset_req)"
Warning: ExpandingUmweltSoCOrganization: "No matching role found for rst_controller:reset_out:reset_req (reset_req)"
Warning: ExpandingUmweltSoCOrganization: "No matching role found for rst_controller:reset_out:reset_req (reset_req)"
Warning: ExpandingUmweltSoCOrganization: "No matching role found for rst_controller:reset_out:reset_req (reset_req)"
Warning: ExpandingUmweltSoCOrganization: "No matching role found for rst_controller:reset_out:reset_req (reset_req)"
Warning: ExpandingUmweltSoCOrganization: "No matching role found for rst_controller:reset_out:reset_req (reset_req)"
Warning: ExpandingUmweltSoCOrganization: "No matching role found for rst_controller:reset_out:reset_req (reset_req)"
Warning: ExpandingUmweltSoCOrganization: "No matching role found for rst_controller:reset_out:reset_req (reset_req)"
Warning: ExpandingUmweltSoCOrganization: "No matching role found for rst_controller:reset_out:reset_req (reset_req)"
Warning: ExpandingUmweltSoCOrganization: "No matching role found for rst_controller:reset_out:reset_req (reset_req)"
Warning: ExpandingUmweltSoCOrganization: "No matching role found for rst_controller:reset_out:reset_req (reset_req)"
Warning: ExpandingUmweltSoCOrganization: "No matching role found for rst_controller:reset_out:reset_req (reset_req)"
Warning: ExpandingUmweltSoCOrganization: "No matching role found for rst_controller:reset_out:reset_req (reset_req)"
Warning: ExpandingUmweltSoCOrganization: "No matching role found for rst_controller:reset_out:reset_req (reset_req)"
Info: nios2: Starting RTL generation for module 'ExpandingUmweltSoCOrganization_nios2'
Info: nios2:   Generation command is [exec /usr/local/altera/13.0sp1/quartus/../ip/altera/nios2_ip/altera_nios2/eperl -I /usr/local/altera/13.0sp1/quartus/common/ip/altera/common/perl/5.8.3 -I /usr/local/altera/13.0sp1/quartus/sopc_builder/bin/europa -I /usr/local/altera/13.0sp1/quartus/sopc_builder/bin/perl_lib -I /usr/local/altera/13.0sp1/quartus/sopc_builder/bin -I /usr/local/altera/13.0sp1/quartus/../ip/altera/nios2_ip/altera_nios2/cpu_lib -I /usr/local/altera/13.0sp1/quartus/../ip/altera/nios2_ip/altera_nios2/nios_lib -I /usr/local/altera/13.0sp1/quartus/../ip/altera/nios2_ip/altera_nios2 -I /usr/local/altera/13.0sp1/quartus/../ip/altera/nios2_ip/altera_nios2 -- /usr/local/altera/13.0sp1/quartus/../ip/altera/nios2_ip/altera_nios2/generate_rtl.epl --name=ExpandingUmweltSoCOrganization_nios2 --dir=/tmp/alt7095_6656016303730599932.dir/0001_nios2_gen/ --quartus_dir=/usr/local/altera/13.0sp1/quartus --verilog --config=/tmp/alt7095_6656016303730599932.dir/0001_nios2_gen//ExpandingUmweltSoCOrganization_nios2_processor_configuration.pl  --do_build_sim=0    --bogus  ]
Info: nios2: # 2016.10.21 17:23:54 (*) Starting Nios II generation
Info: nios2: # 2016.10.21 17:23:54 (*)   Checking for plaintext license.
Info: nios2: # 2016.10.21 17:23:55 (*)   Couldn't query license setup in Quartus directory /usr/local/altera/13.0sp1/quartus
Info: nios2: # 2016.10.21 17:23:55 (*)   Defaulting to contents of LM_LICENSE_FILE environment variable
Info: nios2: # 2016.10.21 17:23:55 (*)   LM_LICENSE_FILE environment variable is empty
Info: nios2: # 2016.10.21 17:23:55 (*)   Plaintext license not found.
Info: nios2: # 2016.10.21 17:23:55 (*)   No license required to generate encrypted Nios II/e.
Info: nios2: # 2016.10.21 17:23:55 (*)   Elaborating CPU configuration settings
Info: nios2: # 2016.10.21 17:23:55 (*)   Creating all objects for CPU
Info: nios2: # 2016.10.21 17:23:56 (*)   Generating RTL from CPU objects
Info: nios2: # 2016.10.21 17:23:56 (*)   Creating plain-text RTL
Info: nios2: # 2016.10.21 17:23:58 (*) Done Nios II generation
Info: nios2: Done RTL generation for module 'ExpandingUmweltSoCOrganization_nios2'
Info: nios2: "ExpandingUmweltSoCOrganization" instantiated altera_nios2_qsys "nios2"
Info: jtag_uart_0: Starting RTL generation for module 'ExpandingUmweltSoCOrganization_jtag_uart_0'
Info: jtag_uart_0:   Generation command is [exec /usr/local/altera/13.0sp1/quartus/linux/perl/bin/perl -I /usr/local/altera/13.0sp1/quartus/common/ip/altera/common/perl/5.8.3 -I /usr/local/altera/13.0sp1/quartus/sopc_builder/bin/europa -I /usr/local/altera/13.0sp1/quartus/sopc_builder/bin/perl_lib -I /usr/local/altera/13.0sp1/quartus/sopc_builder/bin -I /usr/local/altera/13.0sp1/quartus/../ip/altera/sopc_builder_ip/common -I /usr/local/altera/13.0sp1/quartus/../ip/altera/sopc_builder_ip/altera_avalon_jtag_uart -- /usr/local/altera/13.0sp1/quartus/../ip/altera/sopc_builder_ip/altera_avalon_jtag_uart/generate_rtl.pl --name=ExpandingUmweltSoCOrganization_jtag_uart_0 --dir=/tmp/alt7095_6656016303730599932.dir/0002_jtag_uart_0_gen/ --quartus_dir=/usr/local/altera/13.0sp1/quartus --verilog --config=/tmp/alt7095_6656016303730599932.dir/0002_jtag_uart_0_gen//ExpandingUmweltSoCOrganization_jtag_uart_0_component_configuration.pl  --do_build_sim=0  ]
Info: jtag_uart_0: Done RTL generation for module 'ExpandingUmweltSoCOrganization_jtag_uart_0'
Info: jtag_uart_0: "ExpandingUmweltSoCOrganization" instantiated altera_avalon_jtag_uart "jtag_uart_0"
Info: onchip_memory2_0: Starting RTL generation for module 'ExpandingUmweltSoCOrganization_onchip_memory2_0'
Info: onchip_memory2_0:   Generation command is [exec /usr/local/altera/13.0sp1/quartus/linux/perl/bin/perl -I /usr/local/altera/13.0sp1/quartus/common/ip/altera/common/perl/5.8.3 -I /usr/local/altera/13.0sp1/quartus/sopc_builder/bin/europa -I /usr/local/altera/13.0sp1/quartus/sopc_builder/bin/perl_lib -I /usr/local/altera/13.0sp1/quartus/sopc_builder/bin -I /usr/local/altera/13.0sp1/quartus/../ip/altera/sopc_builder_ip/common -I /usr/local/altera/13.0sp1/quartus/../ip/altera/sopc_builder_ip/altera_avalon_onchip_memory2 -- /usr/local/altera/13.0sp1/quartus/../ip/altera/sopc_builder_ip/altera_avalon_onchip_memory2/generate_rtl.pl --name=ExpandingUmweltSoCOrganization_onchip_memory2_0 --dir=/tmp/alt7095_6656016303730599932.dir/0003_onchip_memory2_0_gen/ --quartus_dir=/usr/local/altera/13.0sp1/quartus --verilog --config=/tmp/alt7095_6656016303730599932.dir/0003_onchip_memory2_0_gen//ExpandingUmweltSoCOrganization_onchip_memory2_0_component_configuration.pl  --do_build_sim=0  ]
Info: onchip_memory2_0: Done RTL generation for module 'ExpandingUmweltSoCOrganization_onchip_memory2_0'
Info: onchip_memory2_0: "ExpandingUmweltSoCOrganization" instantiated altera_avalon_onchip_memory2 "onchip_memory2_0"
Info: sdram: Starting RTL generation for module 'ExpandingUmweltSoCOrganization_sdram'
Info: sdram:   Generation command is [exec /usr/local/altera/13.0sp1/quartus/linux/perl/bin/perl -I /usr/local/altera/13.0sp1/quartus/common/ip/altera/common/perl/5.8.3 -I /usr/local/altera/13.0sp1/quartus/sopc_builder/bin/europa -I /usr/local/altera/13.0sp1/quartus/sopc_builder/bin/perl_lib -I /usr/local/altera/13.0sp1/quartus/sopc_builder/bin -I /usr/local/altera/13.0sp1/quartus/../ip/altera/sopc_builder_ip/common -I /usr/local/altera/13.0sp1/quartus/../ip/altera/sopc_builder_ip/altera_avalon_new_sdram_controller -- /usr/local/altera/13.0sp1/quartus/../ip/altera/sopc_builder_ip/altera_avalon_new_sdram_controller/generate_rtl.pl --name=ExpandingUmweltSoCOrganization_sdram --dir=/tmp/alt7095_6656016303730599932.dir/0004_sdram_gen/ --quartus_dir=/usr/local/altera/13.0sp1/quartus --verilog --config=/tmp/alt7095_6656016303730599932.dir/0004_sdram_gen//ExpandingUmweltSoCOrganization_sdram_component_configuration.pl  --do_build_sim=0  ]
Info: sdram: Done RTL generation for module 'ExpandingUmweltSoCOrganization_sdram'
Info: sdram: "ExpandingUmweltSoCOrganization" instantiated altera_avalon_new_sdram_controller "sdram"
Info: pll: Starting Generation of Required Clocks for DE-Series Boards
Info: pll: "ExpandingUmweltSoCOrganization" instantiated altera_up_clocks "pll"
Info: matriz: "ExpandingUmweltSoCOrganization" instantiated matriz_avalon_interface "matriz"
Info: esp8266: Starting FIFOed UART Generation at /usr/local/altera/13.0sp1/ip/fifoed_avalon_uart
Info: esp8266: Starting RTL generation for module 'ExpandingUmweltSoCOrganization_esp8266'
Info: esp8266:   Generation command is [exec /usr/local/altera/13.0sp1/quartus/linux/perl/bin/perl -I /usr/local/altera/13.0sp1/quartus/common/ip/altera/common/perl/5.8.3 -I /usr/local/altera/13.0sp1/quartus/sopc_builder/bin/europa -I /usr/local/altera/13.0sp1/quartus/sopc_builder/bin/perl_lib -I /usr/local/altera/13.0sp1/quartus/sopc_builder/bin -I /usr/local/altera/13.0sp1/quartus/../ip/altera/sopc_builder_ip/common -I /usr/local/altera/13.0sp1/ip/fifoed_avalon_uart -- /usr/local/altera/13.0sp1/ip/fifoed_avalon_uart/generate_rtl.pl --name=ExpandingUmweltSoCOrganization_esp8266 --dir=/tmp/alt7095_6656016303730599932.dir/0007_esp8266_gen/ --quartus_dir=/usr/local/altera/13.0sp1/quartus --verilog --config=/tmp/alt7095_6656016303730599932.dir/0007_esp8266_gen//ExpandingUmweltSoCOrganization_esp8266_component_configuration.pl  --do_build_sim=0  ]
Info: esp8266: Done RTL generation for module 'ExpandingUmweltSoCOrganization_esp8266'
Info: esp8266: "ExpandingUmweltSoCOrganization" instantiated fifoed_avalon_uart "esp8266"
Info: nios2_instruction_master_translator: "ExpandingUmweltSoCOrganization" instantiated altera_merlin_master_translator "nios2_instruction_master_translator"
Info: nios2_jtag_debug_module_translator: "ExpandingUmweltSoCOrganization" instantiated altera_merlin_slave_translator "nios2_jtag_debug_module_translator"
Info: nios2_instruction_master_translator_avalon_universal_master_0_agent: "ExpandingUmweltSoCOrganization" instantiated altera_merlin_master_agent "nios2_instruction_master_translator_avalon_universal_master_0_agent"
Info: nios2_jtag_debug_module_translator_avalon_universal_slave_0_agent: "ExpandingUmweltSoCOrganization" instantiated altera_merlin_slave_agent "nios2_jtag_debug_module_translator_avalon_universal_slave_0_agent"
Info: nios2_jtag_debug_module_translator_avalon_universal_slave_0_agent_rsp_fifo: "ExpandingUmweltSoCOrganization" instantiated altera_avalon_sc_fifo "nios2_jtag_debug_module_translator_avalon_universal_slave_0_agent_rsp_fifo"
Info: addr_router: "ExpandingUmweltSoCOrganization" instantiated altera_merlin_router "addr_router"
Info: addr_router_001: "ExpandingUmweltSoCOrganization" instantiated altera_merlin_router "addr_router_001"
Info: id_router: "ExpandingUmweltSoCOrganization" instantiated altera_merlin_router "id_router"
Info: id_router_002: "ExpandingUmweltSoCOrganization" instantiated altera_merlin_router "id_router_002"
Info: id_router_005: "ExpandingUmweltSoCOrganization" instantiated altera_merlin_router "id_router_005"
Info: burst_adapter: "ExpandingUmweltSoCOrganization" instantiated altera_merlin_burst_adapter "burst_adapter"
Info: rst_controller: "ExpandingUmweltSoCOrganization" instantiated altera_reset_controller "rst_controller"
Info: cmd_xbar_demux: "ExpandingUmweltSoCOrganization" instantiated altera_merlin_demultiplexer "cmd_xbar_demux"
Info: cmd_xbar_demux_001: "ExpandingUmweltSoCOrganization" instantiated altera_merlin_demultiplexer "cmd_xbar_demux_001"
Info: cmd_xbar_mux: "ExpandingUmweltSoCOrganization" instantiated altera_merlin_multiplexer "cmd_xbar_mux"
Info: rsp_xbar_demux: "ExpandingUmweltSoCOrganization" instantiated altera_merlin_demultiplexer "rsp_xbar_demux"
Info: rsp_xbar_demux_005: "ExpandingUmweltSoCOrganization" instantiated altera_merlin_demultiplexer "rsp_xbar_demux_005"
Info: rsp_xbar_mux: "ExpandingUmweltSoCOrganization" instantiated altera_merlin_multiplexer "rsp_xbar_mux"
Info: Reusing file /home/cancian/University/Research_Projects/2016/Probolsas/repository/probolsas2016_substituicaosensorial/development/hardware/QSysSoCOrganization/ExpandingUmweltSoCOrganization/synthesis/submodules/altera_merlin_arbitrator.sv
Info: rsp_xbar_mux_001: "ExpandingUmweltSoCOrganization" instantiated altera_merlin_multiplexer "rsp_xbar_mux_001"
Info: Reusing file /home/cancian/University/Research_Projects/2016/Probolsas/repository/probolsas2016_substituicaosensorial/development/hardware/QSysSoCOrganization/ExpandingUmweltSoCOrganization/synthesis/submodules/altera_merlin_arbitrator.sv
Info: width_adapter: "ExpandingUmweltSoCOrganization" instantiated altera_merlin_width_adapter "width_adapter"
Info: Reusing file /home/cancian/University/Research_Projects/2016/Probolsas/repository/probolsas2016_substituicaosensorial/development/hardware/QSysSoCOrganization/ExpandingUmweltSoCOrganization/synthesis/submodules/altera_merlin_address_alignment.sv
Info: Reusing file /home/cancian/University/Research_Projects/2016/Probolsas/repository/probolsas2016_substituicaosensorial/development/hardware/QSysSoCOrganization/ExpandingUmweltSoCOrganization/synthesis/submodules/altera_merlin_burst_uncompressor.sv
Info: irq_mapper: "ExpandingUmweltSoCOrganization" instantiated altera_irq_mapper "irq_mapper"
Info: ExpandingUmweltSoCOrganization: Done ExpandingUmweltSoCOrganization" with 29 modules, 88 files, 1768427 bytes
Info: ip-generate succeeded.
Info: Finished: Create HDL design files for synthesis
