Flow report for SoC
Wed Aug 31 10:16:53 2016
Quartus II 64-Bit Version 13.0.1 Build 232 06/12/2013 Service Pack 1 SJ Web Edition


---------------------
; Table of Contents ;
---------------------
  1. Legal Notice
  2. Flow Summary
  3. Flow Settings
  4. Flow Non-Default Global Settings
  5. Flow Elapsed Time
  6. Flow OS Summary
  7. Flow Log
  8. Flow Messages
  9. Flow Suppressed Messages



----------------
; Legal Notice ;
----------------
Copyright (C) 1991-2013 Altera Corporation
Your use of Altera Corporation's design tools, logic functions 
and other software and tools, and its AMPP partner logic 
functions, and any output files from any of the foregoing 
(including device programming or simulation files), and any 
associated documentation or information are expressly subject 
to the terms and conditions of the Altera Program License 
Subscription Agreement, Altera MegaCore Function License 
Agreement, or other applicable license agreement, including, 
without limitation, that your use is for the sole purpose of 
programming logic devices manufactured by Altera and sold by 
Altera or its authorized distributors.  Please refer to the 
applicable agreement for further details.



+--------------------------------------------------------------------------------------+
; Flow Summary                                                                         ;
+------------------------------------+-------------------------------------------------+
; Flow Status                        ; Successful - Wed Aug 31 10:16:53 2016           ;
; Quartus II 64-Bit Version          ; 13.0.1 Build 232 06/12/2013 SP 1 SJ Web Edition ;
; Revision Name                      ; SoC                                             ;
; Top-level Entity Name              ; SoC                                             ;
; Family                             ; Cyclone II                                      ;
; Device                             ; EP2C35F672C6                                    ;
; Timing Models                      ; Final                                           ;
; Total logic elements               ; 5,376 / 33,216 ( 16 % )                         ;
;     Total combinational functions  ; 5,145 / 33,216 ( 15 % )                         ;
;     Dedicated logic registers      ; 2,387 / 33,216 ( 7 % )                          ;
; Total registers                    ; 2456                                            ;
; Total pins                         ; 86 / 475 ( 18 % )                               ;
; Total virtual pins                 ; 0                                               ;
; Total memory bits                  ; 60,416 / 483,840 ( 12 % )                       ;
; Embedded Multiplier 9-bit elements ; 0 / 70 ( 0 % )                                  ;
; Total PLLs                         ; 1 / 4 ( 25 % )                                  ;
+------------------------------------+-------------------------------------------------+


+-----------------------------------------+
; Flow Settings                           ;
+-------------------+---------------------+
; Option            ; Setting             ;
+-------------------+---------------------+
; Start date & time ; 08/31/2016 10:15:26 ;
; Main task         ; Compilation         ;
; Revision Name     ; SoC                 ;
+-------------------+---------------------+


+--------------------------------------------------------------------------------+
; Flow Non-Default Global Settings                                               ;
+--------------------------------------------------------------------------------+
Assignment Name : COMPILER_SIGNATURE_ID
Value           : 273406400713069.147264932506830
Default Value   : --
Entity Name     : --
Section Id      : --

Assignment Name : EDA_OUTPUT_DATA_FORMAT
Value           : Vhdl
Default Value   : --
Entity Name     : --
Section Id      : eda_simulation

Assignment Name : EDA_SIMULATION_TOOL
Value           : ModelSim-Altera (VHDL)
Default Value   : <None>
Entity Name     : --
Section Id      : --

Assignment Name : FMAX_REQUIREMENT
Value           : 50 MHz
Default Value   : --
Entity Name     : --
Section Id      : --

Assignment Name : IGNORE_CLOCK_SETTINGS
Value           : On
Default Value   : Off
Entity Name     : --
Section Id      : --

Assignment Name : MAX_CORE_JUNCTION_TEMP
Value           : 85
Default Value   : --
Entity Name     : --
Section Id      : --

Assignment Name : MIN_CORE_JUNCTION_TEMP
Value           : 0
Default Value   : --
Entity Name     : --
Section Id      : --

Assignment Name : PARTITION_COLOR
Value           : 2147039
Default Value   : --
Entity Name     : --
Section Id      : Top

Assignment Name : PARTITION_FITTER_PRESERVATION_LEVEL
Value           : PLACEMENT_AND_ROUTING
Default Value   : --
Entity Name     : --
Section Id      : Top

Assignment Name : PARTITION_NETLIST_TYPE
Value           : SOURCE
Default Value   : --
Entity Name     : --
Section Id      : Top

Assignment Name : PROJECT_OUTPUT_DIRECTORY
Value           : output_files
Default Value   : --
Entity Name     : --
Section Id      : --
+--------------------------------------------------------------------------------+



+--------------------------------------------------------------------------------+
; Flow Elapsed Time                                                              ;
+--------------------------------------------------------------------------------+
Module Name                        : Analysis & Synthesis
Elapsed Time                       : 00:00:38
Average Processors Used            : 1.0
Peak Virtual Memory                : 756 MB
Total CPU Time (on all processors) : 00:00:47

Module Name                        : Fitter
Elapsed Time                       : 00:00:27
Average Processors Used            : 1.0
Peak Virtual Memory                : 792 MB
Total CPU Time (on all processors) : 00:00:25

Module Name                        : Assembler
Elapsed Time                       : 00:00:03
Average Processors Used            : 1.0
Peak Virtual Memory                : 581 MB
Total CPU Time (on all processors) : 00:00:03

Module Name                        : TimeQuest Timing Analyzer
Elapsed Time                       : 00:00:02
Average Processors Used            : 1.0
Peak Virtual Memory                : 581 MB
Total CPU Time (on all processors) : 00:00:02

Module Name                        : EDA Netlist Writer
Elapsed Time                       : 00:00:04
Average Processors Used            : 1.0
Peak Virtual Memory                : 874 MB
Total CPU Time (on all processors) : 00:00:04

Module Name                        : Total
Elapsed Time                       : 00:01:14
Average Processors Used            : --
Peak Virtual Memory                : --
Total CPU Time (on all processors) : 00:01:21
+--------------------------------------------------------------------------------+



+--------------------------------------------------------------------------------+
; Flow OS Summary                                                                ;
+--------------------------------------------------------------------------------+
Module Name      : Analysis & Synthesis
Machine Hostname : inspiron5448
OS Name          : Ubuntu 14.04.5
OS Version       : 14
Processor type   : x86_64

Module Name      : Fitter
Machine Hostname : inspiron5448
OS Name          : Ubuntu 14.04.5
OS Version       : 14
Processor type   : x86_64

Module Name      : Assembler
Machine Hostname : inspiron5448
OS Name          : Ubuntu 14.04.5
OS Version       : 14
Processor type   : x86_64

Module Name      : TimeQuest Timing Analyzer
Machine Hostname : inspiron5448
OS Name          : Ubuntu 14.04.5
OS Version       : 14
Processor type   : x86_64

Module Name      : EDA Netlist Writer
Machine Hostname : inspiron5448
OS Name          : Ubuntu 14.04.5
OS Version       : 14
Processor type   : x86_64
+--------------------------------------------------------------------------------+



------------
; Flow Log ;
------------
quartus_map --read_settings_files=on --write_settings_files=off SoC -c SoC
quartus_fit --read_settings_files=off --write_settings_files=off SoC -c SoC
quartus_asm --read_settings_files=off --write_settings_files=off SoC -c SoC
quartus_sta SoC -c SoC
quartus_eda --read_settings_files=off --write_settings_files=off SoC -c SoC



