Flow report for ExpandingUmweltHardware
Fri Oct 21 19:38:18 2016
Quartus II 64-Bit Version 13.0.1 Build 232 06/12/2013 Service Pack 1 SJ Web Edition


---------------------
; Table of Contents ;
---------------------
  1. Legal Notice
  2. Flow Summary
  3. Flow Settings
  4. Flow Non-Default Global Settings
  5. Flow Elapsed Time
  6. Flow OS Summary
  7. Flow Log
  8. Flow Messages
  9. Flow Suppressed Messages



----------------
; Legal Notice ;
----------------
Copyright (C) 1991-2013 Altera Corporation
Your use of Altera Corporation's design tools, logic functions 
and other software and tools, and its AMPP partner logic 
functions, and any output files from any of the foregoing 
(including device programming or simulation files), and any 
associated documentation or information are expressly subject 
to the terms and conditions of the Altera Program License 
Subscription Agreement, Altera MegaCore Function License 
Agreement, or other applicable license agreement, including, 
without limitation, that your use is for the sole purpose of 
programming logic devices manufactured by Altera and sold by 
Altera or its authorized distributors.  Please refer to the 
applicable agreement for further details.



+--------------------------------------------------------------------------------------+
; Flow Summary                                                                         ;
+------------------------------------+-------------------------------------------------+
; Flow Status                        ; Flow Failed - Fri Oct 21 19:38:18 2016          ;
; Quartus II 64-Bit Version          ; 13.0.1 Build 232 06/12/2013 SP 1 SJ Web Edition ;
; Revision Name                      ; ExpandingUmweltHardware                         ;
; Top-level Entity Name              ; ExpandingUmweltHardware                         ;
; Family                             ; Cyclone II                                      ;
; Device                             ; EP2C35F672C6                                    ;
; Timing Models                      ; Final                                           ;
; Total logic elements               ; N/A until Partition Merge                       ;
;     Total combinational functions  ; N/A until Partition Merge                       ;
;     Dedicated logic registers      ; N/A until Partition Merge                       ;
; Total registers                    ; N/A until Partition Merge                       ;
; Total pins                         ; N/A until Partition Merge                       ;
; Total virtual pins                 ; N/A until Partition Merge                       ;
; Total memory bits                  ; N/A until Partition Merge                       ;
; Embedded Multiplier 9-bit elements ; N/A until Partition Merge                       ;
; Total PLLs                         ; N/A until Partition Merge                       ;
+------------------------------------+-------------------------------------------------+


+---------------------------------------------+
; Flow Settings                               ;
+-------------------+-------------------------+
; Option            ; Setting                 ;
+-------------------+-------------------------+
; Start date & time ; 10/21/2016 19:38:13     ;
; Main task         ; Compilation             ;
; Revision Name     ; ExpandingUmweltHardware ;
+-------------------+-------------------------+


+--------------------------------------------------------------------------------+
; Flow Non-Default Global Settings                                               ;
+--------------------------------------------------------------------------------+
Assignment Name : COMPILER_SIGNATURE_ID
Value           : 273406400713069.147708589309668
Default Value   : --
Entity Name     : --
Section Id      : --

Assignment Name : IP_TOOL_ENV
Value           : Qsys
Default Value   : --
Entity Name     : ExpandingUmweltSoCOrganization
Section Id      : --

Assignment Name : IP_TOOL_ENV
Value           : Qsys
Default Value   : --
Entity Name     : ExpandingUmweltSoCOrganization_addr_router
Section Id      : --

Assignment Name : IP_TOOL_ENV
Value           : Qsys
Default Value   : --
Entity Name     : ExpandingUmweltSoCOrganization_addr_router_001
Section Id      : --

Assignment Name : IP_TOOL_ENV
Value           : Qsys
Default Value   : --
Entity Name     : ExpandingUmweltSoCOrganization_cmd_xbar_demux
Section Id      : --

Assignment Name : IP_TOOL_ENV
Value           : Qsys
Default Value   : --
Entity Name     : ExpandingUmweltSoCOrganization_cmd_xbar_demux_001
Section Id      : --

Assignment Name : IP_TOOL_ENV
Value           : Qsys
Default Value   : --
Entity Name     : ExpandingUmweltSoCOrganization_cmd_xbar_mux_001
Section Id      : --

Assignment Name : IP_TOOL_ENV
Value           : Qsys
Default Value   : --
Entity Name     : ExpandingUmweltSoCOrganization_id_router
Section Id      : --

Assignment Name : IP_TOOL_ENV
Value           : Qsys
Default Value   : --
Entity Name     : ExpandingUmweltSoCOrganization_id_router_001
Section Id      : --

Assignment Name : IP_TOOL_ENV
Value           : Qsys
Default Value   : --
Entity Name     : ExpandingUmweltSoCOrganization_id_router_002
Section Id      : --

Assignment Name : IP_TOOL_ENV
Value           : Qsys
Default Value   : --
Entity Name     : ExpandingUmweltSoCOrganization_irq_mapper
Section Id      : --

Assignment Name : IP_TOOL_ENV
Value           : Qsys
Default Value   : --
Entity Name     : ExpandingUmweltSoCOrganization_jtag_uart_0
Section Id      : --

Assignment Name : IP_TOOL_ENV
Value           : Qsys
Default Value   : --
Entity Name     : ExpandingUmweltSoCOrganization_nios2
Section Id      : --

Assignment Name : IP_TOOL_ENV
Value           : Qsys
Default Value   : --
Entity Name     : ExpandingUmweltSoCOrganization_onchip_memory2_0
Section Id      : --

Assignment Name : IP_TOOL_ENV
Value           : Qsys
Default Value   : --
Entity Name     : ExpandingUmweltSoCOrganization_rsp_xbar_demux
Section Id      : --

Assignment Name : IP_TOOL_ENV
Value           : Qsys
Default Value   : --
Entity Name     : ExpandingUmweltSoCOrganization_rsp_xbar_demux_001
Section Id      : --

Assignment Name : IP_TOOL_ENV
Value           : Qsys
Default Value   : --
Entity Name     : ExpandingUmweltSoCOrganization_rsp_xbar_mux
Section Id      : --

Assignment Name : IP_TOOL_ENV
Value           : Qsys
Default Value   : --
Entity Name     : ExpandingUmweltSoCOrganization_rsp_xbar_mux_001
Section Id      : --

Assignment Name : IP_TOOL_ENV
Value           : Qsys
Default Value   : --
Entity Name     : ExpandingUmweltSoCOrganization_sdram
Section Id      : --

Assignment Name : IP_TOOL_ENV
Value           : Qsys
Default Value   : --
Entity Name     : altera_avalon_sc_fifo
Section Id      : --

Assignment Name : IP_TOOL_ENV
Value           : Qsys
Default Value   : --
Entity Name     : altera_merlin_burst_adapter
Section Id      : --

Assignment Name : IP_TOOL_ENV
Value           : Qsys
Default Value   : --
Entity Name     : altera_merlin_master_agent
Section Id      : --

Assignment Name : IP_TOOL_ENV
Value           : Qsys
Default Value   : --
Entity Name     : altera_merlin_master_translator
Section Id      : --

Assignment Name : IP_TOOL_ENV
Value           : Qsys
Default Value   : --
Entity Name     : altera_merlin_slave_agent
Section Id      : --

Assignment Name : IP_TOOL_ENV
Value           : Qsys
Default Value   : --
Entity Name     : altera_merlin_slave_translator
Section Id      : --

Assignment Name : IP_TOOL_ENV
Value           : Qsys
Default Value   : --
Entity Name     : altera_merlin_width_adapter
Section Id      : --

Assignment Name : IP_TOOL_ENV
Value           : Qsys
Default Value   : --
Entity Name     : altera_reset_controller
Section Id      : --

Assignment Name : IP_TOOL_NAME
Value           : Qsys
Default Value   : --
Entity Name     : ExpandingUmweltSoCOrganization
Section Id      : --

Assignment Name : IP_TOOL_NAME
Value           : altera_merlin_router
Default Value   : --
Entity Name     : ExpandingUmweltSoCOrganization_addr_router
Section Id      : --

Assignment Name : IP_TOOL_NAME
Value           : altera_merlin_router
Default Value   : --
Entity Name     : ExpandingUmweltSoCOrganization_addr_router_001
Section Id      : --

Assignment Name : IP_TOOL_NAME
Value           : altera_merlin_demultiplexer
Default Value   : --
Entity Name     : ExpandingUmweltSoCOrganization_cmd_xbar_demux
Section Id      : --

Assignment Name : IP_TOOL_NAME
Value           : altera_merlin_demultiplexer
Default Value   : --
Entity Name     : ExpandingUmweltSoCOrganization_cmd_xbar_demux_001
Section Id      : --

Assignment Name : IP_TOOL_NAME
Value           : altera_merlin_multiplexer
Default Value   : --
Entity Name     : ExpandingUmweltSoCOrganization_cmd_xbar_mux_001
Section Id      : --

Assignment Name : IP_TOOL_NAME
Value           : altera_merlin_router
Default Value   : --
Entity Name     : ExpandingUmweltSoCOrganization_id_router
Section Id      : --

Assignment Name : IP_TOOL_NAME
Value           : altera_merlin_router
Default Value   : --
Entity Name     : ExpandingUmweltSoCOrganization_id_router_001
Section Id      : --

Assignment Name : IP_TOOL_NAME
Value           : altera_merlin_router
Default Value   : --
Entity Name     : ExpandingUmweltSoCOrganization_id_router_002
Section Id      : --

Assignment Name : IP_TOOL_NAME
Value           : altera_irq_mapper
Default Value   : --
Entity Name     : ExpandingUmweltSoCOrganization_irq_mapper
Section Id      : --

Assignment Name : IP_TOOL_NAME
Value           : altera_avalon_jtag_uart
Default Value   : --
Entity Name     : ExpandingUmweltSoCOrganization_jtag_uart_0
Section Id      : --

Assignment Name : IP_TOOL_NAME
Value           : altera_nios2_qsys
Default Value   : --
Entity Name     : ExpandingUmweltSoCOrganization_nios2
Section Id      : --

Assignment Name : IP_TOOL_NAME
Value           : altera_avalon_onchip_memory2
Default Value   : --
Entity Name     : ExpandingUmweltSoCOrganization_onchip_memory2_0
Section Id      : --

Assignment Name : IP_TOOL_NAME
Value           : altera_merlin_demultiplexer
Default Value   : --
Entity Name     : ExpandingUmweltSoCOrganization_rsp_xbar_demux
Section Id      : --

Assignment Name : IP_TOOL_NAME
Value           : altera_merlin_demultiplexer
Default Value   : --
Entity Name     : ExpandingUmweltSoCOrganization_rsp_xbar_demux_001
Section Id      : --

Assignment Name : IP_TOOL_NAME
Value           : altera_merlin_multiplexer
Default Value   : --
Entity Name     : ExpandingUmweltSoCOrganization_rsp_xbar_mux
Section Id      : --

Assignment Name : IP_TOOL_NAME
Value           : altera_merlin_multiplexer
Default Value   : --
Entity Name     : ExpandingUmweltSoCOrganization_rsp_xbar_mux_001
Section Id      : --

Assignment Name : IP_TOOL_NAME
Value           : altera_avalon_new_sdram_controller
Default Value   : --
Entity Name     : ExpandingUmweltSoCOrganization_sdram
Section Id      : --

Assignment Name : IP_TOOL_NAME
Value           : altera_avalon_sc_fifo
Default Value   : --
Entity Name     : altera_avalon_sc_fifo
Section Id      : --

Assignment Name : IP_TOOL_NAME
Value           : altera_merlin_burst_adapter
Default Value   : --
Entity Name     : altera_merlin_burst_adapter
Section Id      : --

Assignment Name : IP_TOOL_NAME
Value           : altera_merlin_master_agent
Default Value   : --
Entity Name     : altera_merlin_master_agent
Section Id      : --

Assignment Name : IP_TOOL_NAME
Value           : altera_merlin_master_translator
Default Value   : --
Entity Name     : altera_merlin_master_translator
Section Id      : --

Assignment Name : IP_TOOL_NAME
Value           : altera_merlin_slave_agent
Default Value   : --
Entity Name     : altera_merlin_slave_agent
Section Id      : --

Assignment Name : IP_TOOL_NAME
Value           : altera_merlin_slave_translator
Default Value   : --
Entity Name     : altera_merlin_slave_translator
Section Id      : --

Assignment Name : IP_TOOL_NAME
Value           : altera_merlin_width_adapter
Default Value   : --
Entity Name     : altera_merlin_width_adapter
Section Id      : --

Assignment Name : IP_TOOL_NAME
Value           : altera_reset_controller
Default Value   : --
Entity Name     : altera_reset_controller
Section Id      : --

Assignment Name : IP_TOOL_VERSION
Value           : 13.0sp1
Default Value   : --
Entity Name     : ExpandingUmweltSoCOrganization
Section Id      : --

Assignment Name : IP_TOOL_VERSION
Value           : 13.0
Default Value   : --
Entity Name     : ExpandingUmweltSoCOrganization_addr_router
Section Id      : --

Assignment Name : IP_TOOL_VERSION
Value           : 13.0
Default Value   : --
Entity Name     : ExpandingUmweltSoCOrganization_addr_router_001
Section Id      : --

Assignment Name : IP_TOOL_VERSION
Value           : 13.0
Default Value   : --
Entity Name     : ExpandingUmweltSoCOrganization_cmd_xbar_demux
Section Id      : --

Assignment Name : IP_TOOL_VERSION
Value           : 13.0
Default Value   : --
Entity Name     : ExpandingUmweltSoCOrganization_cmd_xbar_demux_001
Section Id      : --

Assignment Name : IP_TOOL_VERSION
Value           : 13.0
Default Value   : --
Entity Name     : ExpandingUmweltSoCOrganization_cmd_xbar_mux_001
Section Id      : --

Assignment Name : IP_TOOL_VERSION
Value           : 13.0
Default Value   : --
Entity Name     : ExpandingUmweltSoCOrganization_id_router
Section Id      : --

Assignment Name : IP_TOOL_VERSION
Value           : 13.0
Default Value   : --
Entity Name     : ExpandingUmweltSoCOrganization_id_router_001
Section Id      : --

Assignment Name : IP_TOOL_VERSION
Value           : 13.0
Default Value   : --
Entity Name     : ExpandingUmweltSoCOrganization_id_router_002
Section Id      : --

Assignment Name : IP_TOOL_VERSION
Value           : 13.0
Default Value   : --
Entity Name     : ExpandingUmweltSoCOrganization_irq_mapper
Section Id      : --

Assignment Name : IP_TOOL_VERSION
Value           : 13.0.1.99.2
Default Value   : --
Entity Name     : ExpandingUmweltSoCOrganization_jtag_uart_0
Section Id      : --

Assignment Name : IP_TOOL_VERSION
Value           : 13.0
Default Value   : --
Entity Name     : ExpandingUmweltSoCOrganization_nios2
Section Id      : --

Assignment Name : IP_TOOL_VERSION
Value           : 13.0.1.99.2
Default Value   : --
Entity Name     : ExpandingUmweltSoCOrganization_onchip_memory2_0
Section Id      : --

Assignment Name : IP_TOOL_VERSION
Value           : 13.0
Default Value   : --
Entity Name     : ExpandingUmweltSoCOrganization_rsp_xbar_demux
Section Id      : --

Assignment Name : IP_TOOL_VERSION
Value           : 13.0
Default Value   : --
Entity Name     : ExpandingUmweltSoCOrganization_rsp_xbar_demux_001
Section Id      : --

Assignment Name : IP_TOOL_VERSION
Value           : 13.0
Default Value   : --
Entity Name     : ExpandingUmweltSoCOrganization_rsp_xbar_mux
Section Id      : --

Assignment Name : IP_TOOL_VERSION
Value           : 13.0
Default Value   : --
Entity Name     : ExpandingUmweltSoCOrganization_rsp_xbar_mux_001
Section Id      : --

Assignment Name : IP_TOOL_VERSION
Value           : 13.0.1.99.2
Default Value   : --
Entity Name     : ExpandingUmweltSoCOrganization_sdram
Section Id      : --

Assignment Name : IP_TOOL_VERSION
Value           : 13.0
Default Value   : --
Entity Name     : altera_avalon_sc_fifo
Section Id      : --

Assignment Name : IP_TOOL_VERSION
Value           : 13.0
Default Value   : --
Entity Name     : altera_merlin_burst_adapter
Section Id      : --

Assignment Name : IP_TOOL_VERSION
Value           : 13.0
Default Value   : --
Entity Name     : altera_merlin_master_agent
Section Id      : --

Assignment Name : IP_TOOL_VERSION
Value           : 13.0
Default Value   : --
Entity Name     : altera_merlin_master_translator
Section Id      : --

Assignment Name : IP_TOOL_VERSION
Value           : 13.0
Default Value   : --
Entity Name     : altera_merlin_slave_agent
Section Id      : --

Assignment Name : IP_TOOL_VERSION
Value           : 13.0
Default Value   : --
Entity Name     : altera_merlin_slave_translator
Section Id      : --

Assignment Name : IP_TOOL_VERSION
Value           : 13.0
Default Value   : --
Entity Name     : altera_merlin_width_adapter
Section Id      : --

Assignment Name : IP_TOOL_VERSION
Value           : 13.0
Default Value   : --
Entity Name     : altera_reset_controller
Section Id      : --

Assignment Name : MAX_CORE_JUNCTION_TEMP
Value           : 85
Default Value   : --
Entity Name     : --
Section Id      : --

Assignment Name : MIN_CORE_JUNCTION_TEMP
Value           : 0
Default Value   : --
Entity Name     : --
Section Id      : --

Assignment Name : MISC_FILE
Value           : ../QSysSoCOrganization/ExpandingUmweltSoCOrganization/synthesis/../../ExpandingUmweltSoCOrganization.cmp
Default Value   : --
Entity Name     : --
Section Id      : --

Assignment Name : MISC_FILE
Value           : ../QSysSoCOrganization/ExpandingUmweltSoCOrganization/synthesis/../../ExpandingUmweltSoCOrganization.qsys
Default Value   : --
Entity Name     : --
Section Id      : --

Assignment Name : PARTITION_COLOR
Value           : 16764057
Default Value   : --
Entity Name     : --
Section Id      : Top

Assignment Name : PARTITION_FITTER_PRESERVATION_LEVEL
Value           : PLACEMENT_AND_ROUTING
Default Value   : --
Entity Name     : --
Section Id      : Top

Assignment Name : PARTITION_NETLIST_TYPE
Value           : SOURCE
Default Value   : --
Entity Name     : --
Section Id      : Top

Assignment Name : PROJECT_OUTPUT_DIRECTORY
Value           : output_files
Default Value   : --
Entity Name     : --
Section Id      : --

Assignment Name : SLD_INFO
Value           : QSYS_NAME ExpandingUmweltSoCOrganization HAS_SOPCINFO 1 GENERATION_ID 1477085353
Default Value   : --
Entity Name     : ExpandingUmweltSoCOrganization
Section Id      : --

Assignment Name : SOPCINFO_FILE
Value           : ../QSysSoCOrganization/ExpandingUmweltSoCOrganization/synthesis/../../ExpandingUmweltSoCOrganization.sopcinfo
Default Value   : --
Entity Name     : --
Section Id      : --

Assignment Name : SYNTHESIS_ONLY_QIP
Value           : On
Default Value   : --
Entity Name     : --
Section Id      : --
+--------------------------------------------------------------------------------+



+--------------------------------------------------------------------------------+
; Flow Elapsed Time                                                              ;
+--------------------------------------------------------------------------------+
Module Name                        : Analysis & Synthesis
Elapsed Time                       : 00:00:05
Average Processors Used            : 1.0
Peak Virtual Memory                : 714 MB
Total CPU Time (on all processors) : 00:00:05

Module Name                        : Total
Elapsed Time                       : 00:00:05
Average Processors Used            : --
Peak Virtual Memory                : --
Total CPU Time (on all processors) : 00:00:05
+--------------------------------------------------------------------------------+



+--------------------------------------------------------------------------------+
; Flow OS Summary                                                                ;
+--------------------------------------------------------------------------------+
Module Name      : Analysis & Synthesis
Machine Hostname : inspiron5448
OS Name          : Ubuntu 14.04.5
OS Version       : 14
Processor type   : x86_64
+--------------------------------------------------------------------------------+



------------
; Flow Log ;
------------
quartus_map --read_settings_files=on --write_settings_files=off ExpandingUmweltHardware -c ExpandingUmweltHardware



