Flow report for MotorsMatrixAvalonIP
Fri Oct 21 18:21:15 2016
Quartus II 64-Bit Version 13.0.1 Build 232 06/12/2013 Service Pack 1 SJ Web Edition


---------------------
; Table of Contents ;
---------------------
  1. Legal Notice
  2. Flow Summary
  3. Flow Settings
  4. Flow Non-Default Global Settings
  5. Flow Elapsed Time
  6. Flow OS Summary
  7. Flow Log
  8. Flow Messages
  9. Flow Suppressed Messages



----------------
; Legal Notice ;
----------------
Copyright (C) 1991-2013 Altera Corporation
Your use of Altera Corporation's design tools, logic functions 
and other software and tools, and its AMPP partner logic 
functions, and any output files from any of the foregoing 
(including device programming or simulation files), and any 
associated documentation or information are expressly subject 
to the terms and conditions of the Altera Program License 
Subscription Agreement, Altera MegaCore Function License 
Agreement, or other applicable license agreement, including, 
without limitation, that your use is for the sole purpose of 
programming logic devices manufactured by Altera and sold by 
Altera or its authorized distributors.  Please refer to the 
applicable agreement for further details.



+--------------------------------------------------------------------------------------+
; Flow Summary                                                                         ;
+------------------------------------+-------------------------------------------------+
; Flow Status                        ; Successful - Fri Oct 21 18:21:15 2016           ;
; Quartus II 64-Bit Version          ; 13.0.1 Build 232 06/12/2013 SP 1 SJ Web Edition ;
; Revision Name                      ; MotorsMatrixAvalonIP                            ;
; Top-level Entity Name              ; MotorMatrixControl                              ;
; Family                             ; Cyclone II                                      ;
; Device                             ; EP2C35F672C6                                    ;
; Timing Models                      ; Final                                           ;
; Total logic elements               ; 10,499 / 33,216 ( 32 % )                        ;
;     Total combinational functions  ; 10,283 / 33,216 ( 31 % )                        ;
;     Dedicated logic registers      ; 2,771 / 33,216 ( 8 % )                          ;
; Total registers                    ; 2771                                            ;
; Total pins                         ; 138 / 475 ( 29 % )                              ;
; Total virtual pins                 ; 0                                               ;
; Total memory bits                  ; 0 / 483,840 ( 0 % )                             ;
; Embedded Multiplier 9-bit elements ; 0 / 70 ( 0 % )                                  ;
; Total PLLs                         ; 0 / 4 ( 0 % )                                   ;
+------------------------------------+-------------------------------------------------+


+------------------------------------------+
; Flow Settings                            ;
+-------------------+----------------------+
; Option            ; Setting              ;
+-------------------+----------------------+
; Start date & time ; 10/21/2016 18:19:00  ;
; Main task         ; Compilation          ;
; Revision Name     ; MotorsMatrixAvalonIP ;
+-------------------+----------------------+


+--------------------------------------------------------------------------------+
; Flow Non-Default Global Settings                                               ;
+--------------------------------------------------------------------------------+
Assignment Name : COMPILER_SIGNATURE_ID
Value           : 273406400713069.147708113908136
Default Value   : --
Entity Name     : --
Section Id      : --

Assignment Name : EDA_OUTPUT_DATA_FORMAT
Value           : Vhdl
Default Value   : --
Entity Name     : --
Section Id      : eda_simulation

Assignment Name : EDA_SIMULATION_TOOL
Value           : ModelSim-Altera (VHDL)
Default Value   : <None>
Entity Name     : --
Section Id      : --

Assignment Name : MAX_CORE_JUNCTION_TEMP
Value           : 85
Default Value   : --
Entity Name     : --
Section Id      : --

Assignment Name : MIN_CORE_JUNCTION_TEMP
Value           : 0
Default Value   : --
Entity Name     : --
Section Id      : --

Assignment Name : PARTITION_COLOR
Value           : 16764057
Default Value   : --
Entity Name     : MotorMatrixControl
Section Id      : Top

Assignment Name : PARTITION_FITTER_PRESERVATION_LEVEL
Value           : PLACEMENT_AND_ROUTING
Default Value   : --
Entity Name     : MotorMatrixControl
Section Id      : Top

Assignment Name : PARTITION_NETLIST_TYPE
Value           : SOURCE
Default Value   : --
Entity Name     : MotorMatrixControl
Section Id      : Top

Assignment Name : PROJECT_OUTPUT_DIRECTORY
Value           : output_files
Default Value   : --
Entity Name     : --
Section Id      : --

Assignment Name : TOP_LEVEL_ENTITY
Value           : MotorMatrixControl
Default Value   : MotorsMatrixAvalonIP
Entity Name     : --
Section Id      : --
+--------------------------------------------------------------------------------+



+--------------------------------------------------------------------------------+
; Flow Elapsed Time                                                              ;
+--------------------------------------------------------------------------------+
Module Name                        : Analysis & Synthesis
Elapsed Time                       : 00:00:16
Average Processors Used            : 1.0
Peak Virtual Memory                : 650 MB
Total CPU Time (on all processors) : 00:00:16

Module Name                        : Fitter
Elapsed Time                       : 00:01:35
Average Processors Used            : 1.0
Peak Virtual Memory                : 830 MB
Total CPU Time (on all processors) : 00:01:35

Module Name                        : Assembler
Elapsed Time                       : 00:00:03
Average Processors Used            : 1.0
Peak Virtual Memory                : 598 MB
Total CPU Time (on all processors) : 00:00:03

Module Name                        : TimeQuest Timing Analyzer
Elapsed Time                       : 00:00:03
Average Processors Used            : 1.0
Peak Virtual Memory                : 621 MB
Total CPU Time (on all processors) : 00:00:03

Module Name                        : EDA Netlist Writer
Elapsed Time                       : 00:00:07
Average Processors Used            : 1.0
Peak Virtual Memory                : 905 MB
Total CPU Time (on all processors) : 00:00:07

Module Name                        : Total
Elapsed Time                       : 00:02:04
Average Processors Used            : --
Peak Virtual Memory                : --
Total CPU Time (on all processors) : 00:02:04
+--------------------------------------------------------------------------------+



+--------------------------------------------------------------------------------+
; Flow OS Summary                                                                ;
+--------------------------------------------------------------------------------+
Module Name      : Analysis & Synthesis
Machine Hostname : inspiron5448
OS Name          : Ubuntu 14.04.5
OS Version       : 14
Processor type   : x86_64

Module Name      : Fitter
Machine Hostname : inspiron5448
OS Name          : Ubuntu 14.04.5
OS Version       : 14
Processor type   : x86_64

Module Name      : Assembler
Machine Hostname : inspiron5448
OS Name          : Ubuntu 14.04.5
OS Version       : 14
Processor type   : x86_64

Module Name      : TimeQuest Timing Analyzer
Machine Hostname : inspiron5448
OS Name          : Ubuntu 14.04.5
OS Version       : 14
Processor type   : x86_64

Module Name      : EDA Netlist Writer
Machine Hostname : inspiron5448
OS Name          : Ubuntu 14.04.5
OS Version       : 14
Processor type   : x86_64
+--------------------------------------------------------------------------------+



------------
; Flow Log ;
------------
quartus_map --read_settings_files=on --write_settings_files=off MotorsMatrixAvalonIP -c MotorsMatrixAvalonIP
quartus_fit --read_settings_files=off --write_settings_files=off MotorsMatrixAvalonIP -c MotorsMatrixAvalonIP
quartus_asm --read_settings_files=off --write_settings_files=off MotorsMatrixAvalonIP -c MotorsMatrixAvalonIP
quartus_sta MotorsMatrixAvalonIP -c MotorsMatrixAvalonIP
quartus_eda --read_settings_files=off --write_settings_files=off MotorsMatrixAvalonIP -c MotorsMatrixAvalonIP



